------------------------------------------------------------------------------------------------------------------------

[2022-05-08 11:16:29 #1 store] 
Database 'C:\Users\Usuario\git\Programacion\ObjectDB1\db\empleados.odb' is opened by 11488@DESKTOP-OHGPISA

[2022-05-08 11:16:29 #2 store] 
Configuration path: ?

[2022-05-08 11:16:29 #3 type] 
Type empleados.DepartamentoEntity is not enhanced.

[2022-05-08 11:16:29 #4 type] 
Type empleados.EmpleadoEntity is not enhanced.

[2022-05-08 11:16:29 #5 store] 
Database 'C:\Users\Usuario\git\Programacion\ObjectDB1\db\empleados.odb' is closed by 11488@DESKTOP-OHGPISA

------------------------------------------------------------------------------------------------------------------------

[2022-05-08 11:19:25 #1 store] 
Database 'C:\Users\Usuario\git\Programacion\ObjectDB1\db\empleados.odb' is opened by 4140@DESKTOP-OHGPISA

[2022-05-08 11:19:25 #2 store] 
Configuration path: ?

[2022-05-08 11:19:25 #3 type] 
Type empleados.DepartamentoEntity is not enhanced.

[2022-05-08 11:19:25 #4 type] 
Type empleados.EmpleadoEntity is not enhanced.

------------------------------------------------------------------------------------------------------------------------

[2022-05-08 11:20:05 #1 store] 
Database 'C:\Users\Usuario\git\Programacion\ObjectDB1\db\empleados.odb' is opened by 1472@DESKTOP-OHGPISA

[2022-05-08 11:20:05 #2 store] 
Configuration path: ?

[2022-05-08 11:20:05 #3 type] 
Type empleados.DepartamentoEntity is not enhanced.

[2022-05-08 11:20:05 #4 type] 
Type empleados.EmpleadoEntity is not enhanced.

------------------------------------------------------------------------------------------------------------------------

[2022-05-08 11:20:39 #1 store] 
Database 'C:\Users\Usuario\git\Programacion\ObjectDB1\db\empleados.odb' is opened by 7800@DESKTOP-OHGPISA

[2022-05-08 11:20:39 #2 store] 
Configuration path: ?

[2022-05-08 11:20:39 #3 type] 
Type empleados.DepartamentoEntity is not enhanced.

[2022-05-08 11:20:39 #4 type] 
Type empleados.EmpleadoEntity is not enhanced.

------------------------------------------------------------------------------------------------------------------------

[2022-05-08 11:20:47 #1 store] 
Database 'C:\Users\Usuario\git\Programacion\ObjectDB1\db\empleados.odb' is opened by 15912@DESKTOP-OHGPISA

[2022-05-08 11:20:47 #2 store] 
Configuration path: ?

[2022-05-08 11:20:47 #3 type] 
Type empleados.DepartamentoEntity is not enhanced.

[2022-05-08 11:20:47 #4 type] 
Type empleados.EmpleadoEntity is not enhanced.

[2022-05-08 11:20:47 #5 store] 
Database 'C:\Users\Usuario\git\Programacion\ObjectDB1\db\empleados.odb' is closed by 15912@DESKTOP-OHGPISA

------------------------------------------------------------------------------------------------------------------------

[2022-05-08 11:21:16 #1 store] 
Database 'C:\Users\Usuario\git\Programacion\ObjectDB1\db\empleados.odb' is opened by 12164@DESKTOP-OHGPISA

[2022-05-08 11:21:16 #2 store] 
Configuration path: ?

[2022-05-08 11:21:16 #3 type] 
Type empleados.DepartamentoEntity is not enhanced.

[2022-05-08 11:21:16 #4 type] 
Type empleados.EmpleadoEntity is not enhanced.

[2022-05-08 11:21:16 #5 store] 
Database 'C:\Users\Usuario\git\Programacion\ObjectDB1\db\empleados.odb' is closed by 12164@DESKTOP-OHGPISA

------------------------------------------------------------------------------------------------------------------------

[2022-05-08 11:21:26 #1 store] 
Database 'C:\Users\Usuario\git\Programacion\ObjectDB1\db\empleados.odb' is opened by 7356@DESKTOP-OHGPISA

[2022-05-08 11:21:26 #2 store] 
Configuration path: ?

[2022-05-08 11:21:26 #3 type] 
Type empleados.DepartamentoEntity is not enhanced.

[2022-05-08 11:21:26 #4 type] 
Type empleados.EmpleadoEntity is not enhanced.

[2022-05-08 11:21:26 #5 store] 
Database 'C:\Users\Usuario\git\Programacion\ObjectDB1\db\empleados.odb' is closed by 7356@DESKTOP-OHGPISA

------------------------------------------------------------------------------------------------------------------------

[2022-05-08 11:22:50 #1 store] 
Database 'C:\Users\Usuario\git\Programacion\ObjectDB1\db\empleados.odb' is opened by 13940@DESKTOP-OHGPISA

[2022-05-08 11:22:50 #2 store] 
Configuration path: ?

[2022-05-08 11:22:50 #3 type] 
Type empleados.DepartamentoEntity is not enhanced.

[2022-05-08 11:22:50 #4 type] 
Type empleados.EmpleadoEntity is not enhanced.

------------------------------------------------------------------------------------------------------------------------

[2022-05-08 11:23:02 #1 store] 
Database 'C:\Users\Usuario\git\Programacion\ObjectDB1\db\empleados.odb' is opened by 14992@DESKTOP-OHGPISA

[2022-05-08 11:23:02 #2 store] 
Configuration path: ?

[2022-05-08 11:23:02 #3 type] 
Type empleados.DepartamentoEntity is not enhanced.

[2022-05-08 11:23:02 #4 type] 
Type empleados.EmpleadoEntity is not enhanced.

[2022-05-08 11:23:02 #5 store] 
Database 'C:\Users\Usuario\git\Programacion\ObjectDB1\db\empleados.odb' is closed by 14992@DESKTOP-OHGPISA

------------------------------------------------------------------------------------------------------------------------

[2022-05-08 11:23:39 #1 store] 
Database 'C:\Users\Usuario\git\Programacion\ObjectDB1\db\empleados.odb' is opened by 10020@DESKTOP-OHGPISA

[2022-05-08 11:23:39 #2 store] 
Configuration path: ?

[2022-05-08 11:23:39 #3 type] 
Type empleados.DepartamentoEntity is not enhanced.

[2022-05-08 11:23:39 #4 type] 
Type empleados.EmpleadoEntity is not enhanced.

[2022-05-08 11:23:39 #5 store] 
Database 'C:\Users\Usuario\git\Programacion\ObjectDB1\db\empleados.odb' is closed by 10020@DESKTOP-OHGPISA

------------------------------------------------------------------------------------------------------------------------

[2022-05-08 11:26:45 #1 store] 
Database 'C:\Users\Usuario\git\Programacion\ObjectDB1\db\empleados.odb' is opened by 14760@DESKTOP-OHGPISA

[2022-05-08 11:26:45 #2 store] 
Configuration path: ?

[2022-05-08 11:26:45 #3 type] 
Type empleados.DepartamentoEntity is not enhanced.

[2022-05-08 11:26:45 #4 type] 
Type empleados.EmpleadoEntity is not enhanced.

------------------------------------------------------------------------------------------------------------------------

[2022-05-08 11:27:10 #1 store] 
Database 'C:\Users\Usuario\git\Programacion\ObjectDB1\db\empleados.odb' is opened by 8568@DESKTOP-OHGPISA

[2022-05-08 11:27:10 #2 store] 
Configuration path: ?

[2022-05-08 11:27:10 #3 type] 
Type empleados.DepartamentoEntity is not enhanced.

[2022-05-08 11:27:10 #4 type] 
Type empleados.EmpleadoEntity is not enhanced.

------------------------------------------------------------------------------------------------------------------------

[2022-05-08 11:27:41 #1 store] 
Database 'C:\Users\Usuario\git\Programacion\ObjectDB1\db\empleados.odb' is opened by 11528@DESKTOP-OHGPISA

[2022-05-08 11:27:41 #2 store] 
Configuration path: ?

[2022-05-08 11:27:42 #3 type] 
Type empleados.DepartamentoEntity is not enhanced.

[2022-05-08 11:27:42 #4 type] 
Type empleados.EmpleadoEntity is not enhanced.

------------------------------------------------------------------------------------------------------------------------

[2022-05-08 11:28:45 #1 store] 
Database 'C:\Users\Usuario\git\Programacion\ObjectDB1\db\empleados.odb' is opened by 16256@DESKTOP-OHGPISA

[2022-05-08 11:28:45 #2 store] 
Configuration path: ?

[2022-05-08 11:28:45 #3 type] 
Type empleados.DepartamentoEntity is not enhanced.

[2022-05-08 11:28:45 #4 type] 
Type empleados.EmpleadoEntity is not enhanced.

------------------------------------------------------------------------------------------------------------------------

[2022-05-08 11:28:55 #1 store] 
Database 'C:\Users\Usuario\git\Programacion\ObjectDB1\db\empleados.odb' is opened by 10036@DESKTOP-OHGPISA

[2022-05-08 11:28:55 #2 store] 
Configuration path: ?

[2022-05-08 11:28:55 #3 type] 
Type empleados.DepartamentoEntity is not enhanced.

[2022-05-08 11:28:55 #4 type] 
Type empleados.EmpleadoEntity is not enhanced.

[2022-05-08 11:28:56 #5 store] 
Database 'C:\Users\Usuario\git\Programacion\ObjectDB1\db\empleados.odb' is closed by 10036@DESKTOP-OHGPISA

------------------------------------------------------------------------------------------------------------------------

[2022-05-08 11:30:45 #1 store] 
Database 'C:\Users\Usuario\git\Programacion\ObjectDB1\db\empleados.odb' is opened by 10716@DESKTOP-OHGPISA

[2022-05-08 11:30:45 #2 store] 
Configuration path: ?

[2022-05-08 11:30:45 #3 type] 
Type empleados.DepartamentoEntity is not enhanced.

[2022-05-08 11:30:45 #4 type] 
Type empleados.EmpleadoEntity is not enhanced.

------------------------------------------------------------------------------------------------------------------------

[2022-05-08 11:30:52 #1 store] 
Database 'C:\Users\Usuario\git\Programacion\ObjectDB1\db\empleados.odb' is opened by 16140@DESKTOP-OHGPISA

[2022-05-08 11:30:52 #2 store] 
Configuration path: ?

[2022-05-08 11:30:52 #3 type] 
Type empleados.DepartamentoEntity is not enhanced.

[2022-05-08 11:30:52 #4 type] 
Type empleados.EmpleadoEntity is not enhanced.

[2022-05-08 11:30:52 #5 store] 
Database 'C:\Users\Usuario\git\Programacion\ObjectDB1\db\empleados.odb' is closed by 16140@DESKTOP-OHGPISA

------------------------------------------------------------------------------------------------------------------------

[2022-05-08 11:32:15 #1 store] 
Database 'C:\Users\Usuario\git\Programacion\ObjectDB1\db\empleados.odb' is opened by 15080@DESKTOP-OHGPISA

[2022-05-08 11:32:15 #2 store] 
Configuration path: ?

[2022-05-08 11:32:15 #3 type] 
Type empleados.DepartamentoEntity is not enhanced.

[2022-05-08 11:32:15 #4 type] 
Type empleados.EmpleadoEntity is not enhanced.

[2022-05-08 11:32:15 #5 store] 
Database 'C:\Users\Usuario\git\Programacion\ObjectDB1\db\empleados.odb' is closed by 15080@DESKTOP-OHGPISA

