------------------------------------------------------------------------------------------------------------------------

[2022-05-07 18:25:37 #1 store] 
Database 'C:\Users\Usuario\git\Programacion\ObjectDB1\db\empleados.odb' is opened by 3008@DESKTOP-OHGPISA

[2022-05-07 18:25:37 #2 store] 
Configuration path: ?

[2022-05-07 18:25:37 #3 type] 
Type empleados.DepartamentoEntity is not enhanced.

[2022-05-07 18:25:37 #4 type] 
Type empleados.EmpleadoEntity is not enhanced.

[2022-05-07 18:25:38 #5 store] 
Database 'C:\Users\Usuario\git\Programacion\ObjectDB1\db\empleados.odb' is closed by 3008@DESKTOP-OHGPISA

------------------------------------------------------------------------------------------------------------------------

[2022-05-07 18:29:57 #1 store] 
Database 'C:\Users\Usuario\git\Programacion\ObjectDB1\db\empleados.odb' is opened by 4804@DESKTOP-OHGPISA

[2022-05-07 18:29:57 #2 store] 
Configuration path: ?

[2022-05-07 18:29:57 #3 type] 
Type empleados.DepartamentoEntity is not enhanced.

[2022-05-07 18:29:57 #4 type] 
Type empleados.EmpleadoEntity is not enhanced.

------------------------------------------------------------------------------------------------------------------------

[2022-05-07 18:31:25 #1 store] 
Database 'C:\Users\Usuario\git\Programacion\ObjectDB1\db\empleados.odb' is opened by 13408@DESKTOP-OHGPISA

[2022-05-07 18:31:25 #2 store] 
Configuration path: ?

[2022-05-07 18:31:25 #3 type] 
Type empleados.DepartamentoEntity is not enhanced.

[2022-05-07 18:31:25 #4 type] 
Type empleados.EmpleadoEntity is not enhanced.

------------------------------------------------------------------------------------------------------------------------

[2022-05-07 18:31:38 #1 store] 
Database 'C:\Users\Usuario\git\Programacion\ObjectDB1\db\empleados.odb' is opened by 2944@DESKTOP-OHGPISA

[2022-05-07 18:31:38 #2 store] 
Configuration path: ?

[2022-05-07 18:31:38 #3 type] 
Type empleados.DepartamentoEntity is not enhanced.

[2022-05-07 18:31:38 #4 type] 
Type empleados.EmpleadoEntity is not enhanced.

[2022-05-07 18:31:38 #5 store] 
Database 'C:\Users\Usuario\git\Programacion\ObjectDB1\db\empleados.odb' is closed by 2944@DESKTOP-OHGPISA

------------------------------------------------------------------------------------------------------------------------

[2022-05-07 18:31:50 #1 store] 
Database 'C:\Users\Usuario\git\Programacion\ObjectDB1\db\empleados.odb' is opened by 11888@DESKTOP-OHGPISA

[2022-05-07 18:31:50 #2 store] 
Configuration path: ?

[2022-05-07 18:31:50 #3 type] 
Type empleados.DepartamentoEntity is not enhanced.

[2022-05-07 18:31:50 #4 type] 
Type empleados.EmpleadoEntity is not enhanced.

[2022-05-07 18:31:50 #5 store] 
Database 'C:\Users\Usuario\git\Programacion\ObjectDB1\db\empleados.odb' is closed by 11888@DESKTOP-OHGPISA

------------------------------------------------------------------------------------------------------------------------

[2022-05-07 18:33:15 #1 store] 
Database 'C:\Users\Usuario\git\Programacion\ObjectDB1\db\empleados.odb' is opened by 10400@DESKTOP-OHGPISA

[2022-05-07 18:33:15 #2 store] 
Configuration path: ?

[2022-05-07 18:33:15 #3 type] 
Type empleados.DepartamentoEntity is not enhanced.

[2022-05-07 18:33:15 #4 type] 
Type empleados.EmpleadoEntity is not enhanced.

[2022-05-07 18:33:15 #5 store] 
Database 'C:\Users\Usuario\git\Programacion\ObjectDB1\db\empleados.odb' is closed by 10400@DESKTOP-OHGPISA

------------------------------------------------------------------------------------------------------------------------

[2022-05-07 18:34:24 #1 store] 
Database 'C:\Users\Usuario\git\Programacion\ObjectDB1\db\empleados.odb' is opened by 12328@DESKTOP-OHGPISA

[2022-05-07 18:34:24 #2 store] 
Configuration path: ?

[2022-05-07 18:34:24 #3 type] 
Type empleados.DepartamentoEntity is not enhanced.

[2022-05-07 18:34:24 #4 type] 
Type empleados.EmpleadoEntity is not enhanced.

------------------------------------------------------------------------------------------------------------------------

[2022-05-07 18:34:44 #1 store] 
Database 'C:\Users\Usuario\git\Programacion\ObjectDB1\db\empleados.odb' is opened by 13508@DESKTOP-OHGPISA

[2022-05-07 18:34:44 #2 store] 
Configuration path: ?

[2022-05-07 18:34:44 #3 type] 
Type empleados.DepartamentoEntity is not enhanced.

[2022-05-07 18:34:44 #4 type] 
Type empleados.EmpleadoEntity is not enhanced.

------------------------------------------------------------------------------------------------------------------------

[2022-05-07 18:35:04 #1 store] 
Database 'C:\Users\Usuario\git\Programacion\ObjectDB1\db\empleados.odb' is opened by 1672@DESKTOP-OHGPISA

[2022-05-07 18:35:04 #2 store] 
Configuration path: ?

[2022-05-07 18:35:04 #3 type] 
Type empleados.DepartamentoEntity is not enhanced.

[2022-05-07 18:35:04 #4 type] 
Type empleados.EmpleadoEntity is not enhanced.

------------------------------------------------------------------------------------------------------------------------

[2022-05-07 18:36:03 #1 store] 
Database 'C:\Users\Usuario\git\Programacion\ObjectDB1\db\empleados.odb' is opened by 8960@DESKTOP-OHGPISA

[2022-05-07 18:36:03 #2 store] 
Configuration path: ?

[2022-05-07 18:36:03 #3 type] 
Type empleados.DepartamentoEntity is not enhanced.

[2022-05-07 18:36:03 #4 type] 
Type empleados.EmpleadoEntity is not enhanced.

------------------------------------------------------------------------------------------------------------------------

[2022-05-07 18:36:13 #1 store] 
Database 'C:\Users\Usuario\git\Programacion\ObjectDB1\db\empleados.odb' is opened by 1336@DESKTOP-OHGPISA

[2022-05-07 18:36:13 #2 store] 
Configuration path: ?

[2022-05-07 18:36:13 #3 type] 
Type empleados.DepartamentoEntity is not enhanced.

[2022-05-07 18:36:13 #4 type] 
Type empleados.EmpleadoEntity is not enhanced.

[2022-05-07 18:36:13 #5 store] 
Database 'C:\Users\Usuario\git\Programacion\ObjectDB1\db\empleados.odb' is closed by 1336@DESKTOP-OHGPISA

------------------------------------------------------------------------------------------------------------------------

[2022-05-07 18:37:05 #1 store] 
Database 'C:\Users\Usuario\git\Programacion\ObjectDB1\db\empleados.odb' is opened by 11412@DESKTOP-OHGPISA

[2022-05-07 18:37:05 #2 store] 
Configuration path: ?

[2022-05-07 18:37:05 #3 type] 
Type empleados.DepartamentoEntity is not enhanced.

[2022-05-07 18:37:05 #4 type] 
Type empleados.EmpleadoEntity is not enhanced.

[2022-05-07 18:37:05 #5 store] 
Database 'C:\Users\Usuario\git\Programacion\ObjectDB1\db\empleados.odb' is closed by 11412@DESKTOP-OHGPISA

------------------------------------------------------------------------------------------------------------------------

[2022-05-07 18:37:28 #1 store] 
Database 'C:\Users\Usuario\git\Programacion\ObjectDB1\db\empleados.odb' is opened by 7632@DESKTOP-OHGPISA

[2022-05-07 18:37:28 #2 store] 
Configuration path: ?

[2022-05-07 18:37:29 #3 type] 
Type empleados.DepartamentoEntity is not enhanced.

[2022-05-07 18:37:29 #4 type] 
Type empleados.EmpleadoEntity is not enhanced.

[2022-05-07 18:37:29 #5 store] 
Database 'C:\Users\Usuario\git\Programacion\ObjectDB1\db\empleados.odb' is closed by 7632@DESKTOP-OHGPISA

------------------------------------------------------------------------------------------------------------------------

[2022-05-07 18:38:12 #1 store] 
Database 'C:\Users\Usuario\git\Programacion\ObjectDB1\db\empleados.odb' is opened by 6992@DESKTOP-OHGPISA

[2022-05-07 18:38:12 #2 store] 
Configuration path: ?

[2022-05-07 18:38:12 #3 type] 
Type empleados.DepartamentoEntity is not enhanced.

[2022-05-07 18:38:12 #4 type] 
Type empleados.EmpleadoEntity is not enhanced.

[2022-05-07 18:38:12 #5 store] 
Database 'C:\Users\Usuario\git\Programacion\ObjectDB1\db\empleados.odb' is closed by 6992@DESKTOP-OHGPISA

------------------------------------------------------------------------------------------------------------------------

[2022-05-07 18:38:46 #1 store] 
Database 'C:\Users\Usuario\git\Programacion\ObjectDB1\db\empleados.odb' is opened by 1384@DESKTOP-OHGPISA

[2022-05-07 18:38:46 #2 store] 
Configuration path: ?

[2022-05-07 18:38:46 #3 type] 
Type empleados.DepartamentoEntity is not enhanced.

[2022-05-07 18:38:46 #4 type] 
Type empleados.EmpleadoEntity is not enhanced.

[2022-05-07 18:38:46 #5 store] 
Database 'C:\Users\Usuario\git\Programacion\ObjectDB1\db\empleados.odb' is closed by 1384@DESKTOP-OHGPISA

------------------------------------------------------------------------------------------------------------------------

[2022-05-07 18:39:03 #1 store] 
Database 'C:\Users\Usuario\git\Programacion\ObjectDB1\db\empleados.odb' is opened by 1788@DESKTOP-OHGPISA

[2022-05-07 18:39:03 #2 store] 
Configuration path: ?

[2022-05-07 18:39:03 #3 type] 
Type empleados.DepartamentoEntity is not enhanced.

[2022-05-07 18:39:03 #4 type] 
Type empleados.EmpleadoEntity is not enhanced.

[2022-05-07 18:39:03 #5 store] 
Database 'C:\Users\Usuario\git\Programacion\ObjectDB1\db\empleados.odb' is closed by 1788@DESKTOP-OHGPISA

------------------------------------------------------------------------------------------------------------------------

[2022-05-07 18:39:35 #1 store] 
Database 'C:\Users\Usuario\git\Programacion\ObjectDB1\db\empleados.odb' is opened by 496@DESKTOP-OHGPISA

[2022-05-07 18:39:35 #2 store] 
Configuration path: ?

[2022-05-07 18:39:35 #3 type] 
Type empleados.DepartamentoEntity is not enhanced.

[2022-05-07 18:39:35 #4 type] 
Type empleados.EmpleadoEntity is not enhanced.

[2022-05-07 18:39:35 #5 store] 
Database 'C:\Users\Usuario\git\Programacion\ObjectDB1\db\empleados.odb' is closed by 496@DESKTOP-OHGPISA

------------------------------------------------------------------------------------------------------------------------

[2022-05-07 18:40:05 #1 store] 
Database 'C:\Users\Usuario\git\Programacion\ObjectDB1\db\empleados.odb' is opened by 13372@DESKTOP-OHGPISA

[2022-05-07 18:40:05 #2 store] 
Configuration path: ?

[2022-05-07 18:40:05 #3 type] 
Type empleados.DepartamentoEntity is not enhanced.

[2022-05-07 18:40:05 #4 type] 
Type empleados.EmpleadoEntity is not enhanced.

[2022-05-07 18:40:05 #5 store] 
Database 'C:\Users\Usuario\git\Programacion\ObjectDB1\db\empleados.odb' is closed by 13372@DESKTOP-OHGPISA

------------------------------------------------------------------------------------------------------------------------

[2022-05-07 18:40:28 #1 store] 
Database 'C:\Users\Usuario\git\Programacion\ObjectDB1\db\empleados.odb' is opened by 3956@DESKTOP-OHGPISA

[2022-05-07 18:40:28 #2 store] 
Configuration path: ?

[2022-05-07 18:40:28 #3 type] 
Type empleados.DepartamentoEntity is not enhanced.

[2022-05-07 18:40:28 #4 type] 
Type empleados.EmpleadoEntity is not enhanced.

[2022-05-07 18:40:28 #5 store] 
Database 'C:\Users\Usuario\git\Programacion\ObjectDB1\db\empleados.odb' is closed by 3956@DESKTOP-OHGPISA

------------------------------------------------------------------------------------------------------------------------

[2022-05-07 18:46:39 #1 store] 
Database 'C:\Users\Usuario\git\Programacion\ObjectDB1\db\empleados.odb' is opened by 6132@DESKTOP-OHGPISA

[2022-05-07 18:46:39 #2 store] 
Configuration path: ?

[2022-05-07 18:46:39 #3 type] 
Type empleados.DepartamentoEntity is not enhanced.

[2022-05-07 18:46:39 #4 type] 
Type empleados.EmpleadoEntity is not enhanced.

------------------------------------------------------------------------------------------------------------------------

[2022-05-07 18:47:17 #1 store] 
Database 'C:\Users\Usuario\git\Programacion\ObjectDB1\db\empleados.odb' is opened by 13636@DESKTOP-OHGPISA

[2022-05-07 18:47:17 #2 store] 
Configuration path: ?

[2022-05-07 18:47:17 #3 type] 
Type empleados.DepartamentoEntity is not enhanced.

[2022-05-07 18:47:17 #4 type] 
Type empleados.EmpleadoEntity is not enhanced.

[2022-05-07 18:47:17 #5 store] 
Database 'C:\Users\Usuario\git\Programacion\ObjectDB1\db\empleados.odb' is closed by 13636@DESKTOP-OHGPISA

------------------------------------------------------------------------------------------------------------------------

[2022-05-07 18:47:39 #1 store] 
Database 'C:\Users\Usuario\git\Programacion\ObjectDB1\db\empleados.odb' is opened by 3592@DESKTOP-OHGPISA

[2022-05-07 18:47:39 #2 store] 
Configuration path: ?

[2022-05-07 18:47:39 #3 type] 
Type empleados.DepartamentoEntity is not enhanced.

[2022-05-07 18:47:39 #4 type] 
Type empleados.EmpleadoEntity is not enhanced.

[2022-05-07 18:47:39 #5 store] 
Database 'C:\Users\Usuario\git\Programacion\ObjectDB1\db\empleados.odb' is closed by 3592@DESKTOP-OHGPISA

------------------------------------------------------------------------------------------------------------------------

[2022-05-07 19:09:08 #1 store] 
Database 'C:\Users\Usuario\git\Programacion\ObjectDB1\db\empleados.odb' is opened by 11896@DESKTOP-OHGPISA

[2022-05-07 19:09:08 #2 store] 
Configuration path: ?

[2022-05-07 19:09:08 #3 type] 
Type empleados.DepartamentoEntity is not enhanced.

[2022-05-07 19:09:08 #4 type] 
Type empleados.EmpleadoEntity is not enhanced.

------------------------------------------------------------------------------------------------------------------------

[2022-05-07 19:09:18 #1 store] 
Database 'C:\Users\Usuario\git\Programacion\ObjectDB1\db\empleados.odb' is opened by 14624@DESKTOP-OHGPISA

[2022-05-07 19:09:18 #2 store] 
Configuration path: ?

[2022-05-07 19:09:18 #3 type] 
Type empleados.DepartamentoEntity is not enhanced.

[2022-05-07 19:09:18 #4 type] 
Type empleados.EmpleadoEntity is not enhanced.

------------------------------------------------------------------------------------------------------------------------

[2022-05-07 19:09:38 #1 store] 
Database 'C:\Users\Usuario\git\Programacion\ObjectDB1\db\empleados.odb' is opened by 8864@DESKTOP-OHGPISA

[2022-05-07 19:09:38 #2 store] 
Configuration path: ?

[2022-05-07 19:09:38 #3 type] 
Type empleados.DepartamentoEntity is not enhanced.

[2022-05-07 19:09:38 #4 type] 
Type empleados.EmpleadoEntity is not enhanced.

------------------------------------------------------------------------------------------------------------------------

[2022-05-07 19:10:18 #1 store] 
Database 'C:\Users\Usuario\git\Programacion\ObjectDB1\db\empleados.odb' is opened by 6692@DESKTOP-OHGPISA

[2022-05-07 19:10:18 #2 store] 
Configuration path: ?

[2022-05-07 19:10:18 #3 type] 
Type empleados.DepartamentoEntity is not enhanced.

[2022-05-07 19:10:18 #4 type] 
Type empleados.EmpleadoEntity is not enhanced.

------------------------------------------------------------------------------------------------------------------------

[2022-05-07 19:10:51 #1 store] 
Database 'C:\Users\Usuario\git\Programacion\ObjectDB1\db\empleados.odb' is opened by 2688@DESKTOP-OHGPISA

[2022-05-07 19:10:51 #2 store] 
Configuration path: ?

[2022-05-07 19:10:51 #3 type] 
Type empleados.DepartamentoEntity is not enhanced.

[2022-05-07 19:10:51 #4 type] 
Type empleados.EmpleadoEntity is not enhanced.

[2022-05-07 19:10:51 #5 store] 
Database 'C:\Users\Usuario\git\Programacion\ObjectDB1\db\empleados.odb' is closed by 2688@DESKTOP-OHGPISA

------------------------------------------------------------------------------------------------------------------------

[2022-05-07 19:14:52 #1 store] 
Database 'C:\Users\Usuario\git\Programacion\ObjectDB1\db\empleados.odb' is opened by 11024@DESKTOP-OHGPISA

[2022-05-07 19:14:52 #2 store] 
Configuration path: ?

[2022-05-07 19:14:52 #3 type] 
Type empleados.DepartamentoEntity is not enhanced.

[2022-05-07 19:14:52 #4 type] 
Type empleados.EmpleadoEntity is not enhanced.

------------------------------------------------------------------------------------------------------------------------

[2022-05-07 19:15:35 #1 store] 
Database 'C:\Users\Usuario\git\Programacion\ObjectDB1\db\empleados.odb' is opened by 7892@DESKTOP-OHGPISA

[2022-05-07 19:15:35 #2 store] 
Configuration path: ?

[2022-05-07 19:15:35 #3 type] 
Type empleados.DepartamentoEntity is not enhanced.

[2022-05-07 19:15:35 #4 type] 
Type empleados.EmpleadoEntity is not enhanced.

------------------------------------------------------------------------------------------------------------------------

[2022-05-07 19:17:07 #1 store] 
Database 'C:\Users\Usuario\git\Programacion\ObjectDB1\db\empleados.odb' is opened by 8356@DESKTOP-OHGPISA

[2022-05-07 19:17:07 #2 store] 
Configuration path: ?

[2022-05-07 19:17:07 #3 type] 
Type empleados.DepartamentoEntity is not enhanced.

[2022-05-07 19:17:07 #4 type] 
Type empleados.EmpleadoEntity is not enhanced.

------------------------------------------------------------------------------------------------------------------------

[2022-05-07 19:17:29 #1 store] 
Database 'C:\Users\Usuario\git\Programacion\ObjectDB1\db\empleados.odb' is opened by 11008@DESKTOP-OHGPISA

[2022-05-07 19:17:29 #2 store] 
Configuration path: ?

[2022-05-07 19:17:29 #3 type] 
Type empleados.DepartamentoEntity is not enhanced.

[2022-05-07 19:17:29 #4 type] 
Type empleados.EmpleadoEntity is not enhanced.

------------------------------------------------------------------------------------------------------------------------

[2022-05-07 19:17:40 #1 store] 
Database 'C:\Users\Usuario\git\Programacion\ObjectDB1\db\empleados.odb' is opened by 9088@DESKTOP-OHGPISA

[2022-05-07 19:17:40 #2 store] 
Configuration path: ?

[2022-05-07 19:17:40 #3 type] 
Type empleados.DepartamentoEntity is not enhanced.

[2022-05-07 19:17:40 #4 type] 
Type empleados.EmpleadoEntity is not enhanced.

[2022-05-07 19:17:40 #5 store] 
Database 'C:\Users\Usuario\git\Programacion\ObjectDB1\db\empleados.odb' is closed by 9088@DESKTOP-OHGPISA

------------------------------------------------------------------------------------------------------------------------

[2022-05-07 19:36:05 #1 store] 
Database 'C:\Users\Usuario\git\Programacion\ObjectDB1\db\empleados.odb' is opened by 13724@DESKTOP-OHGPISA

[2022-05-07 19:36:05 #2 store] 
Configuration path: ?

[2022-05-07 19:36:05 #3 type] 
Type empleados.DepartamentoEntity is not enhanced.

[2022-05-07 19:36:05 #4 type] 
Type empleados.EmpleadoEntity is not enhanced.

[2022-05-07 19:36:05 #5 store] 
Database 'C:\Users\Usuario\git\Programacion\ObjectDB1\db\empleados.odb' is closed by 13724@DESKTOP-OHGPISA

------------------------------------------------------------------------------------------------------------------------

[2022-05-07 19:37:34 #1 store] 
Database 'C:\Users\Usuario\git\Programacion\ObjectDB1\db\empleados.odb' is opened by 9176@DESKTOP-OHGPISA

[2022-05-07 19:37:34 #2 store] 
Configuration path: ?

[2022-05-07 19:37:34 #3 type] 
Type empleados.DepartamentoEntity is not enhanced.

[2022-05-07 19:37:34 #4 type] 
Type empleados.EmpleadoEntity is not enhanced.

------------------------------------------------------------------------------------------------------------------------

[2022-05-07 19:39:47 #1 store] 
Database 'C:\Users\Usuario\git\Programacion\ObjectDB1\db\empleados.odb' is opened by 5360@DESKTOP-OHGPISA

[2022-05-07 19:39:47 #2 store] 
Configuration path: ?

[2022-05-07 19:39:47 #3 type] 
Type empleados.DepartamentoEntity is not enhanced.

[2022-05-07 19:39:47 #4 type] 
Type empleados.EmpleadoEntity is not enhanced.

------------------------------------------------------------------------------------------------------------------------

[2022-05-07 19:40:22 #1 store] 
Database 'C:\Users\Usuario\git\Programacion\ObjectDB1\db\empleados.odb' is opened by 9092@DESKTOP-OHGPISA

[2022-05-07 19:40:22 #2 store] 
Configuration path: ?

[2022-05-07 19:40:22 #3 type] 
Type empleados.DepartamentoEntity is not enhanced.

[2022-05-07 19:40:22 #4 type] 
Type empleados.EmpleadoEntity is not enhanced.

[2022-05-07 19:40:22 #5 store] 
Database 'C:\Users\Usuario\git\Programacion\ObjectDB1\db\empleados.odb' is closed by 9092@DESKTOP-OHGPISA

------------------------------------------------------------------------------------------------------------------------

[2022-05-07 19:41:07 #1 store] 
Database 'C:\Users\Usuario\git\Programacion\ObjectDB1\db\empleados.odb' is opened by 9004@DESKTOP-OHGPISA

[2022-05-07 19:41:07 #2 store] 
Configuration path: ?

[2022-05-07 19:41:07 #3 type] 
Type empleados.DepartamentoEntity is not enhanced.

[2022-05-07 19:41:07 #4 type] 
Type empleados.EmpleadoEntity is not enhanced.

------------------------------------------------------------------------------------------------------------------------

[2022-05-07 19:41:23 #1 store] 
Database 'C:\Users\Usuario\git\Programacion\ObjectDB1\db\empleados.odb' is opened by 7140@DESKTOP-OHGPISA

[2022-05-07 19:41:23 #2 store] 
Configuration path: ?

[2022-05-07 19:41:23 #3 type] 
Type empleados.DepartamentoEntity is not enhanced.

[2022-05-07 19:41:23 #4 type] 
Type empleados.EmpleadoEntity is not enhanced.

[2022-05-07 19:41:23 #5 store] 
Database 'C:\Users\Usuario\git\Programacion\ObjectDB1\db\empleados.odb' is closed by 7140@DESKTOP-OHGPISA

